<?xml version="1.0" encoding="UTF-8"?>
<testsuites>
  <testsuite name="Shape\TriangleTest" file="C:\Users\Ho-Ling\PhpstormProjects\Shapes\tests\TriangleTest.php" tests="5" assertions="5" failures="0" errors="0" time="0.013000">
    <testcase name="testNewTriangle" class="Shape\TriangleTest" file="C:\Users\Ho-Ling\PhpstormProjects\Shapes\tests\TriangleTest.php" line="19" assertions="1" time="0.002000"/>
    <testcase name="testGetArea" class="Shape\TriangleTest" file="C:\Users\Ho-Ling\PhpstormProjects\Shapes\tests\TriangleTest.php" line="24" assertions="1" time="0.006000"/>
    <testcase name="testSetArea" class="Shape\TriangleTest" file="C:\Users\Ho-Ling\PhpstormProjects\Shapes\tests\TriangleTest.php" line="29" assertions="1" time="0.002000"/>
    <testcase name="testSetPerimeter" class="Shape\TriangleTest" file="C:\Users\Ho-Ling\PhpstormProjects\Shapes\tests\TriangleTest.php" line="35" assertions="1" time="0.002000"/>
    <testcase name="testTriangleDestructor" class="Shape\TriangleTest" file="C:\Users\Ho-Ling\PhpstormProjects\Shapes\tests\TriangleTest.php" line="41" assertions="1" time="0.001000"/>
  </testsuite>
</testsuites>
