<?xml version="1.0" encoding="UTF-8"?>
<testsuites>
  <testsuite name="tests" tests="5" assertions="5" failures="0" errors="0" time="0.089338">
    <testsuite name="Shape\TriangleTest" file="/Users/holingpoon/devl/php/Shapes/tests/TriangleTest.php" tests="5" assertions="5" failures="0" errors="0" time="0.089338">
      <testcase name="testNewTriangle" class="Shape\TriangleTest" file="/Users/holingpoon/devl/php/Shapes/tests/TriangleTest.php" line="24" assertions="1" time="0.006837"/>
      <testcase name="testGetArea" class="Shape\TriangleTest" file="/Users/holingpoon/devl/php/Shapes/tests/TriangleTest.php" line="29" assertions="1" time="0.068706"/>
      <testcase name="testSetArea" class="Shape\TriangleTest" file="/Users/holingpoon/devl/php/Shapes/tests/TriangleTest.php" line="38" assertions="1" time="0.005082"/>
      <testcase name="testSetPerimeter" class="Shape\TriangleTest" file="/Users/holingpoon/devl/php/Shapes/tests/TriangleTest.php" line="44" assertions="1" time="0.005987"/>
      <testcase name="testTriangleDestructor" class="Shape\TriangleTest" file="/Users/holingpoon/devl/php/Shapes/tests/TriangleTest.php" line="50" assertions="1" time="0.002726"/>
    </testsuite>
  </testsuite>
</testsuites>
